receiver initiated : Fri Nov 08 15:14:01 2013 : 

 : Fri Nov 08 15:14:01 2013 : 
receiver initiated : Fri Nov 08 15:14:46 2013 : 

 : Fri Nov 08 15:14:46 2013 : 
receiver initiated : Fri Nov 08 15:15:07 2013 : 

 : Fri Nov 08 15:15:07 2013 : 
receiver initiated : Fri Nov 08 15:15:23 2013 : 

 : Fri Nov 08 15:15:23 2013 : 
receiver initiated : Fri Nov 08 15:15:31 2013 : 

 : Fri Nov 08 15:15:31 2013 : 
receiver initiated : Fri Nov 08 15:18:03 2013 : 

 : Fri Nov 08 15:18:03 2013 : 
receiver initiated : Fri Nov 08 15:22:26 2013 : 

 : Fri Nov 08 15:22:26 2013 : 
receiver initiated : Fri Nov 08 16:23:58 2013 : 

 : Fri Nov 08 16:23:58 2013 : 
receiver initiated : Fri Nov 08 16:24:00 2013 : 

 : Fri Nov 08 16:24:00 2013 : 
udp instructed to left : Fri Nov 08 16:24:15 2013 : 
manually told to go left! : Fri Nov 08 16:24:15 2013 : 
manually told to go right! : Fri Nov 08 16:24:29 2013 : 
manually told to go right! : Fri Nov 08 16:24:30 2013 : 
receiver initiated : Fri Nov 08 16:24:48 2013 : 

 : Fri Nov 08 16:24:48 2013 : 
udp instructed to hello world! : Fri Nov 08 16:24:52 2013 : 
received a non-generic motor position target : Fri Nov 08 16:24:52 2013 : 
udp instructed to hello world! : Fri Nov 08 16:24:53 2013 : 
received a non-generic motor position target : Fri Nov 08 16:24:53 2013 : 
udp instructed to hello world! : Fri Nov 08 16:24:54 2013 : 
received a non-generic motor position target : Fri Nov 08 16:24:54 2013 : 
receiver initiated : Fri Nov 08 16:27:47 2013 : 

 : Fri Nov 08 16:27:47 2013 : 
receiver initiated : Fri Nov 08 16:28:04 2013 : 

 : Fri Nov 08 16:28:04 2013 : 
manually told to go left! : Fri Nov 08 16:28:26 2013 : 
receiver initiated : Fri Nov 08 16:28:45 2013 : 

 : Fri Nov 08 16:28:45 2013 : 
receiver initiated : Fri Nov 08 16:29:06 2013 : 

 : Fri Nov 08 16:29:06 2013 : 
receiver initiated : Fri Nov 08 16:30:39 2013 : 

 : Fri Nov 08 16:30:39 2013 : 
receiver initiated : Fri Nov 08 16:31:18 2013 : 

 : Fri Nov 08 16:31:18 2013 : 
receiver initiated : Fri Nov 08 16:31:56 2013 : 

 : Fri Nov 08 16:31:56 2013 : 
receiver initiated : Fri Nov 08 16:32:43 2013 : 

 : Fri Nov 08 16:32:43 2013 : 
receiver initiated : Fri Nov 08 16:33:06 2013 : 

 : Fri Nov 08 16:33:06 2013 : 
receiver initiated : Fri Nov 08 16:33:50 2013 : 

 : Fri Nov 08 16:33:50 2013 : 
receiver initiated : Fri Nov 08 16:36:13 2013 : 

 : Fri Nov 08 16:36:13 2013 : 
receiver initiated : Fri Nov 08 16:36:19 2013 : 

 : Fri Nov 08 16:36:19 2013 : 
udp instructed to left : Fri Nov 08 16:36:27 2013 : 
manually told to go left! : Fri Nov 08 16:36:27 2013 : 
udp instructed to left : Fri Nov 08 16:36:36 2013 : 
manually told to go left! : Fri Nov 08 16:36:36 2013 : 
udp instructed to right : Fri Nov 08 16:36:39 2013 : 
manually told to go right! : Fri Nov 08 16:36:39 2013 : 
udp instructed to zero : Fri Nov 08 18:31:58 2013 : 
manually told to go to zero! : Fri Nov 08 18:31:58 2013 : 
slider will follow: 30078 : Fri Nov 08 18:33:31 2013 : 
receiver initiated : Sat Nov 09 09:40:41 2013 : 

 : Sat Nov 09 09:40:41 2013 : 
receiver initiated : Sat Nov 09 09:44:58 2013 : 

 : Sat Nov 09 09:44:58 2013 : 
receiver initiated : Sat Nov 09 10:13:09 2013 : 

 : Sat Nov 09 10:13:09 2013 : 
receiver initiated : Sat Nov 09 10:13:33 2013 : 

 : Sat Nov 09 10:13:33 2013 : 
udp instructed to hello world! : Sat Nov 09 10:14:32 2013 : 
received a non-generic motor position target : Sat Nov 09 10:14:32 2013 : 
udp instructed to hello world! : Sat Nov 09 10:14:33 2013 : 
received a non-generic motor position target : Sat Nov 09 10:14:33 2013 : 
receiver initiated : Sat Nov 09 10:19:08 2013 : 

 : Sat Nov 09 10:19:08 2013 : 
manually told to go to zero! : Sat Nov 09 10:20:34 2013 : 
manually told to go right! : Sat Nov 09 10:20:39 2013 : 
manually told to go jog left! : Sat Nov 09 10:20:45 2013 : 
manually told to go jog left! : Sat Nov 09 10:20:46 2013 : 
manually told to go jog left! : Sat Nov 09 10:20:46 2013 : 
manually told to go jog left! : Sat Nov 09 10:20:47 2013 : 
manually told to go jog left! : Sat Nov 09 10:20:48 2013 : 
manually told to go jog left! : Sat Nov 09 10:20:49 2013 : 
manually told to go jog left! : Sat Nov 09 10:20:50 2013 : 
manually told to go jog left! : Sat Nov 09 10:20:51 2013 : 
manually told to go jog right! : Sat Nov 09 10:20:53 2013 : 
manually told to go jog right! : Sat Nov 09 10:20:54 2013 : 
manually told to go jog right! : Sat Nov 09 10:20:55 2013 : 
manually told to go jog right! : Sat Nov 09 10:20:56 2013 : 
manually told to go jog right! : Sat Nov 09 10:20:57 2013 : 
manually told to go jog right! : Sat Nov 09 10:20:58 2013 : 
manually told to go jog right! : Sat Nov 09 10:20:59 2013 : 
manually told to go jog right! : Sat Nov 09 10:21:03 2013 : 
manually told to go jog left! : Sat Nov 09 10:21:04 2013 : 
manually told to go jog left! : Sat Nov 09 10:21:05 2013 : 
manually told to go jog left! : Sat Nov 09 10:21:06 2013 : 
manually told to go jog right! : Sat Nov 09 10:21:06 2013 : 
manually told to go jog right! : Sat Nov 09 10:21:07 2013 : 
manually told to go jog right! : Sat Nov 09 10:21:07 2013 : 
manually told to go jog right! : Sat Nov 09 10:21:07 2013 : 
manually told to go jog right! : Sat Nov 09 10:21:07 2013 : 
manually told to go jog right! : Sat Nov 09 10:21:08 2013 : 
manually told to go jog right! : Sat Nov 09 10:21:08 2013 : 
manually told to go jog right! : Sat Nov 09 10:21:08 2013 : 
manually told to go jog right! : Sat Nov 09 10:21:08 2013 : 
manually told to go jog right! : Sat Nov 09 10:21:08 2013 : 
manually told to go jog right! : Sat Nov 09 10:21:08 2013 : 
manually told to go jog right! : Sat Nov 09 10:21:09 2013 : 
slider will follow: -1719 : Sat Nov 09 10:21:25 2013 : 
slider will follow: -18047 : Sat Nov 09 10:22:13 2013 : 
slider will follow: 0 : Sat Nov 09 10:22:18 2013 : 
slider will follow: 2578 : Sat Nov 09 10:23:06 2013 : 
slider will follow: -859 : Sat Nov 09 10:24:36 2013 : 
slider will follow: 0 : Sat Nov 09 10:24:40 2013 : 
manually told to go to zero! : Sat Nov 09 10:24:47 2013 : 
manually told to go to zero! : Sat Nov 09 10:24:53 2013 : 
receiver initiated : Sat Nov 09 10:28:23 2013 : 

 : Sat Nov 09 10:28:23 2013 : 
receiver initiated : Sat Nov 09 10:29:17 2013 : 

 : Sat Nov 09 10:29:17 2013 : 
receiver initiated : Sat Nov 09 10:29:29 2013 : 

 : Sat Nov 09 10:29:29 2013 : 
receiver initiated : Sat Nov 09 10:30:52 2013 : 

 : Sat Nov 09 10:30:52 2013 : 
receiver initiated : Sat Nov 09 10:31:12 2013 : 

 : Sat Nov 09 10:31:12 2013 : 
manually told to go jog right! : Sat Nov 09 10:31:40 2013 : 
manually told to go to zero! : Sat Nov 09 10:31:43 2013 : 
receiver initiated : Sat Nov 09 10:36:01 2013 : 

 : Sat Nov 09 10:36:01 2013 : 
slider will follow: 55000 : Sat Nov 09 10:36:11 2013 : 
slider will follow: 55000 : Sat Nov 09 10:36:15 2013 : 
slider will follow: 55000 : Sat Nov 09 10:36:20 2013 : 
slider will follow: 47266 : Sat Nov 09 10:36:22 2013 : 
slider will follow: 38672 : Sat Nov 09 10:36:23 2013 : 
slider will follow: 30937 : Sat Nov 09 10:36:24 2013 : 
slider will follow: 27500 : Sat Nov 09 10:36:25 2013 : 
slider will follow: 20625 : Sat Nov 09 10:36:26 2013 : 
slider will follow: 21484 : Sat Nov 09 10:36:32 2013 : 
slider will follow: 25781 : Sat Nov 09 10:36:33 2013 : 
slider will follow: 29219 : Sat Nov 09 10:36:34 2013 : 
slider will follow: 35234 : Sat Nov 09 10:36:35 2013 : 
slider will follow: 47266 : Sat Nov 09 10:36:36 2013 : 
slider will follow: -23203 : Sat Nov 09 10:36:40 2013 : 
slider will follow: -55000 : Sat Nov 09 10:36:42 2013 : 
receiver initiated : Sat Nov 09 14:36:33 2013 : 

 : Sat Nov 09 14:36:33 2013 : 
receiver initiated : Sun Nov 10 09:59:32 2013 : 

 : Sun Nov 10 09:59:32 2013 : 
slider will follow: -17188 : Sun Nov 10 09:59:40 2013 : 
slider will follow: 20625 : Sun Nov 10 09:59:47 2013 : 
manually told to go to zero! : Sun Nov 10 09:59:50 2013 : 
manually told to go jog right! : Sun Nov 10 09:59:52 2013 : 
manually told to go jog right! : Sun Nov 10 09:59:53 2013 : 
manually told to go jog right! : Sun Nov 10 09:59:53 2013 : 
manually told to go jog right! : Sun Nov 10 09:59:54 2013 : 
receiver initiated : Sun Nov 10 10:00:21 2013 : 

 : Sun Nov 10 10:00:21 2013 : 
udp instructed to zero : Sun Nov 10 10:00:28 2013 : 
manually told to go to zero! : Sun Nov 10 10:00:28 2013 : 
udp instructed to zero : Sun Nov 10 10:00:30 2013 : 
manually told to go to zero! : Sun Nov 10 10:00:30 2013 : 
udp instructed to zero : Sun Nov 10 10:00:30 2013 : 
manually told to go to zero! : Sun Nov 10 10:00:30 2013 : 
udp instructed to right : Sun Nov 10 10:00:32 2013 : 
manually told to go right! : Sun Nov 10 10:00:32 2013 : 
receiver initiated : Wed Nov 13 08:56:05 2013 : 

 : Wed Nov 13 08:56:05 2013 : 
manually told to go jog right! : Wed Nov 13 08:56:10 2013 : 
slider will follow: 2578 : Wed Nov 13 08:56:22 2013 : 
receiver initiated : Wed Nov 13 09:33:52 2013 : 

 : Wed Nov 13 09:33:52 2013 : 
receiver initiated : Wed Nov 13 09:34:31 2013 : 

 : Wed Nov 13 09:34:31 2013 : 
receiver initiated : Wed Nov 13 09:37:35 2013 : 

 : Wed Nov 13 09:37:35 2013 : 
receiver initiated : Wed Nov 13 09:38:32 2013 : 

 : Wed Nov 13 09:38:32 2013 : 
slider will follow: -13750 : Wed Nov 13 09:38:36 2013 : 
slider will follow: 13750 : Wed Nov 13 09:38:51 2013 : 
receiver initiated : Wed Nov 13 09:41:24 2013 : 

 : Wed Nov 13 09:41:24 2013 : 
receiver initiated : Wed Nov 13 09:41:42 2013 : 

 : Wed Nov 13 09:41:42 2013 : 
slider will follow: 100 : Wed Nov 13 09:41:46 2013 : 
slider will follow: 10000 : Wed Nov 13 09:41:52 2013 : 
slider will follow: -8594 : Wed Nov 13 09:41:53 2013 : 
slider will follow: 100 : Wed Nov 13 09:41:59 2013 : 
receiver initiated : Wed Nov 13 12:19:12 2013 : 

 : Wed Nov 13 12:19:12 2013 : 
slider will follow: 16328 : Wed Nov 13 12:19:43 2013 : 
slider will follow: 55000 : Wed Nov 13 12:20:28 2013 : 
receiver initiated : Wed Nov 13 15:24:22 2013 : 

 : Wed Nov 13 15:24:22 2013 : 
receiver initiated : Wed Nov 13 16:52:39 2013 : 

 : Wed Nov 13 16:52:39 2013 : 
receiver initiated : Wed Nov 13 16:52:45 2013 : 

 : Wed Nov 13 16:52:45 2013 : 
receiver initiated : Wed Nov 13 19:03:54 2013 : 

 : Wed Nov 13 19:03:54 2013 : 
receiver initiated : Wed Dec 04 13:35:16 2013 : 

 : Wed Dec 04 13:35:16 2013 : 
receiver initiated : Wed Dec 04 13:35:51 2013 : 

 : Wed Dec 04 13:35:51 2013 : 
receiver initiated : Sun Dec 08 16:53:00 2013 : 

 : Sun Dec 08 16:53:00 2013 : 
receiver initiated : Sun Dec 08 16:57:09 2013 : 

 : Sun Dec 08 16:57:09 2013 : 
receiver initiated : Sun Dec 08 16:57:13 2013 : 

 : Sun Dec 08 16:57:13 2013 : 
receiver initiated : Sun Dec 08 16:57:17 2013 : 

 : Sun Dec 08 16:57:17 2013 : 
receiver initiated : Sun Dec 08 16:57:28 2013 : 

 : Sun Dec 08 16:57:28 2013 : 
receiver initiated : Sun Dec 08 17:01:09 2013 : 

 : Sun Dec 08 17:01:09 2013 : 
receiver initiated : Sun Dec 08 17:01:21 2013 : 

 : Sun Dec 08 17:01:21 2013 : 
receiver initiated : Sun Dec 08 17:02:20 2013 : 

 : Sun Dec 08 17:02:20 2013 : 
receiver initiated : Sun Dec 08 17:02:30 2013 : 

 : Sun Dec 08 17:02:30 2013 : 
receiver initiated : Sun Dec 08 17:02:42 2013 : 

 : Sun Dec 08 17:02:42 2013 : 
receiver initiated : Sun Dec 08 17:03:48 2013 : 

 : Sun Dec 08 17:03:48 2013 : 
receiver initiated : Sun Dec 08 17:03:54 2013 : 

 : Sun Dec 08 17:03:54 2013 : 
receiver initiated : Sun Dec 08 17:03:59 2013 : 

 : Sun Dec 08 17:03:59 2013 : 
receiver initiated : Sun Dec 08 17:05:00 2013 : 

 : Sun Dec 08 17:05:00 2013 : 
receiver initiated : Sun Dec 08 17:11:39 2013 : 

 : Sun Dec 08 17:11:39 2013 : 
receiver initiated : Thu Dec 12 12:17:31 2013 : 

 : Thu Dec 12 12:17:31 2013 : 
receiver initiated : Thu Dec 12 12:17:46 2013 : 

 : Thu Dec 12 12:17:46 2013 : 
receiver initiated : Sat Feb 22 23:44:51 2014 : 

 : Sat Feb 22 23:44:51 2014 : 
receiver initiated : Sun Feb 23 11:57:58 2014 : 

 : Sun Feb 23 11:57:58 2014 : 
receiver initiated : Sun Feb 23 12:01:28 2014 : 

 : Sun Feb 23 12:01:28 2014 : 
receiver initiated : Sun Feb 23 14:29:53 2014 : 

 : Sun Feb 23 14:29:53 2014 : 
receiver initiated : Wed Mar 05 20:33:40 2014 : 

 : Wed Mar 05 20:33:40 2014 : 
receiver initiated : Sat Mar 08 23:56:43 2014 : 

 : Sat Mar 08 23:56:43 2014 : 
receiver initiated : Sat Mar 08 23:58:23 2014 : 

 : Sat Mar 08 23:58:23 2014 : 
